<?xml version="1.0" encoding="UTF-8"?>
<testng-results ignored="0" total="1" passed="1" failed="0" skipped="0">
  <reporter-output>
  </reporter-output>
  <suite started-at="2022-06-20T12:55:56 IST" name="Default suite" finished-at="2022-06-20T12:56:07 IST" duration-ms="11486">
    <groups>
    </groups>
    <test started-at="2022-06-20T12:55:56 IST" name="Default test" finished-at="2022-06-20T12:56:07 IST" duration-ms="11486">
      <class name="guru_module.guru_login">
        <test-method signature="propertiesReadingPattern()[pri:0, instance:guru_module.guru_login@10d307f1]" started-at="2022-06-20T12:55:56 IST" name="propertiesReadingPattern" finished-at="2022-06-20T12:56:07 IST" duration-ms="11461" status="PASS">
          <reporter-output>
          </reporter-output>
        </test-method> <!-- propertiesReadingPattern -->
      </class> <!-- guru_module.guru_login -->
    </test> <!-- Default test -->
  </suite> <!-- Default suite -->
</testng-results>
